<component name="libraryTable">
  <library name="junit-4.12_7692c8fb">
    <CLASSES>
      <root url="jar:///private/var/tmp/_bazel_fangboyang/f1636253cf437df3718f4d5b48e3269e/external/maven/v1/https/jcenter.bintray.com/junit/junit/4.12/junit-4.12.jar!/" />
    </CLASSES>
    <JAVADOC />
    <SOURCES />
  </library>
</component>